-------------------------------------------------------------------------------
Test set: TestSuite
-------------------------------------------------------------------------------
Tests run: 3, Failures: 1, Errors: 0, Skipped: 0, Time elapsed: 17.555 s <<< FAILURE! - in TestSuite
testcases.TC001Login.verifyLogin  Time elapsed: 2.349 s  <<< FAILURE!
java.lang.AssertionError: expected [Zero - Account Summary] but found [Zero - Log in]
	at testcases.TC001Login.verifyLogin(TC001Login.java:32)

