<?xml version="1.0" encoding="UTF-8"?>
<testsuite xmlns:xsi="http://www.w3.org/2001/XMLSchema-instance" xsi:noNamespaceSchemaLocation="https://maven.apache.org/surefire/maven-surefire-plugin/xsd/surefire-test-report-3.0.xsd" version="3.0" name="TestSuite" time="17.555" tests="3" errors="0" skipped="0" failures="1">
  <properties>
[...]
</properties>
  <testcase name="verifyLogin" classname="testcases.TC001Login" time="2.349">
    <failure message="expected [Zero - Account Summary] but found [Zero - Log in]" type="java.lang.AssertionError"><![CDATA[java.lang.AssertionError: expected [Zero - Account Summary] but found [Zero - Log in]
	at testcases.TC001Login.verifyLogin(TC001Login.java:32)
]]></failure>
    <system-err><![CDATA[Starting ChromeDriver 2.36.540470 (e522d04694c7ebea4ba8821272dbef4f9b818c91) on port 45675
Only local connections are allowed.
]]></system-err>
  </testcase>
  <testcase name="AddPayee" classname="testcases.TC002AddNewPayee" time="2.557"/>
  <testcase name="payBillSprint" classname="testcases.TC003PayBillSprint" time="1.496"/>
</testsuite>